<?xml version="1.0" encoding="UTF-8"?>
<testng-results ignored="0" total="1" passed="1" failed="0" skipped="0">
  <reporter-output>
    <line>
      <![CDATA[waiting for1000mili sec]]>
    </line>
    <line>
      <![CDATA[Luanching the Browser]]>
    </line>
    <line>
      <![CDATA[waiting for2000mili sec]]>
    </line>
    <line>
      <![CDATA[Read Data mobNofrom Properties ]]>
    </line>
    <line>
      <![CDATA[waiting for1000mili sec]]>
    </line>
    <line>
      <![CDATA[waiting for2000mili sec]]>
    </line>
    <line>
      <![CDATA[Read Data pwdfrom Properties ]]>
    </line>
    <line>
      <![CDATA[waiting for1000mili sec]]>
    </line>
    <line>
      <![CDATA[waiting for2000mili sec]]>
    </line>
    <line>
      <![CDATA[waiting for1000mili sec]]>
    </line>
    <line>
      <![CDATA[waiting for2000mili sec]]>
    </line>
    <line>
      <![CDATA[Read Data unfrom Properties ]]>
    </line>
    <line>
      <![CDATA[waiting for2000mili sec]]>
    </line>
    <line>
      <![CDATA[waiting for2000mili sec]]>
    </line>
    <line>
      <![CDATA[waiting for2000mili sec]]>
    </line>
    <line>
      <![CDATA[Closing the Browser]]>
    </line>
  </reporter-output>
  <suite started-at="2023-07-10T19:41:35 IST" name="Default suite" finished-at="2023-07-10T19:42:00 IST" duration-ms="24675">
    <groups>
    </groups>
    <test started-at="2023-07-10T19:41:35 IST" name="Default test" finished-at="2023-07-10T19:42:00 IST" duration-ms="24675">
      <class name="pBTestClass.PBTestClass">
        <test-method is-config="true" signature="openbrowser()[pri:0, instance:pBTestClass.PBTestClass@117159c0]" started-at="2023-07-10T19:41:35 IST" name="openbrowser" finished-at="2023-07-10T19:41:41 IST" duration-ms="5960" status="PASS">
          <reporter-output>
            <line>
              <![CDATA[waiting for1000mili sec]]>
            </line>
            <line>
              <![CDATA[Luanching the Browser]]>
            </line>
          </reporter-output>
        </test-method> <!-- openbrowser -->
        <test-method is-config="true" signature="logintoPOlicyBazaar()[pri:0, instance:pBTestClass.PBTestClass@117159c0]" started-at="2023-07-10T19:41:41 IST" name="logintoPOlicyBazaar" finished-at="2023-07-10T19:41:51 IST" duration-ms="10243" status="PASS">
          <reporter-output>
            <line>
              <![CDATA[waiting for2000mili sec]]>
            </line>
            <line>
              <![CDATA[Read Data mobNofrom Properties ]]>
            </line>
            <line>
              <![CDATA[waiting for1000mili sec]]>
            </line>
            <line>
              <![CDATA[waiting for2000mili sec]]>
            </line>
            <line>
              <![CDATA[Read Data pwdfrom Properties ]]>
            </line>
            <line>
              <![CDATA[waiting for1000mili sec]]>
            </line>
            <line>
              <![CDATA[waiting for2000mili sec]]>
            </line>
            <line>
              <![CDATA[waiting for1000mili sec]]>
            </line>
          </reporter-output>
        </test-method> <!-- logintoPOlicyBazaar -->
        <test-method signature="verifyUserName()[pri:0, instance:pBTestClass.PBTestClass@117159c0]" started-at="2023-07-10T19:41:51 IST" name="verifyUserName" finished-at="2023-07-10T19:41:54 IST" duration-ms="2067" status="PASS">
          <reporter-output>
            <line>
              <![CDATA[waiting for2000mili sec]]>
            </line>
            <line>
              <![CDATA[Read Data unfrom Properties ]]>
            </line>
          </reporter-output>
        </test-method> <!-- verifyUserName -->
        <test-method is-config="true" signature="logoutFromPolicyBazar()[pri:0, instance:pBTestClass.PBTestClass@117159c0]" started-at="2023-07-10T19:41:54 IST" name="logoutFromPolicyBazar" finished-at="2023-07-10T19:41:56 IST" duration-ms="2160" status="PASS">
          <reporter-output>
            <line>
              <![CDATA[waiting for2000mili sec]]>
            </line>
          </reporter-output>
        </test-method> <!-- logoutFromPolicyBazar -->
        <test-method is-config="true" signature="closeBrowser()[pri:0, instance:pBTestClass.PBTestClass@117159c0]" started-at="2023-07-10T19:41:56 IST" name="closeBrowser" finished-at="2023-07-10T19:42:00 IST" duration-ms="4202" status="PASS">
          <reporter-output>
            <line>
              <![CDATA[waiting for2000mili sec]]>
            </line>
            <line>
              <![CDATA[waiting for2000mili sec]]>
            </line>
            <line>
              <![CDATA[Closing the Browser]]>
            </line>
          </reporter-output>
        </test-method> <!-- closeBrowser -->
      </class> <!-- pBTestClass.PBTestClass -->
    </test> <!-- Default test -->
  </suite> <!-- Default suite -->
</testng-results>
